[ 2016-02-05T16:09:23+08:00 ] 127.0.0.1 /weixin/
INFO: [ app_init ] --START--
INFO: Run Behavior\BuildLiteBehavior [ RunTime:0.000000s ]
INFO: [ app_init ] --END-- [ RunTime:0.025002s ]
INFO: [ app_begin ] --START--
INFO: Run Behavior\ReadHtmlCacheBehavior [ RunTime:0.002000s ]
INFO: [ app_begin ] --END-- [ RunTime:0.002000s ]
NOTIC: [8] Undefined index: nonce H:\wamp\www\weixin\Application\Home\Controller\IndexController.class.php 第 7 行.
NOTIC: [8] Undefined index: timestamp H:\wamp\www\weixin\Application\Home\Controller\IndexController.class.php 第 9 行.
NOTIC: [8] Undefined index: echostr H:\wamp\www\weixin\Application\Home\Controller\IndexController.class.php 第 10 行.
NOTIC: [8] Undefined index: signature H:\wamp\www\weixin\Application\Home\Controller\IndexController.class.php 第 11 行.
NOTIC: [8] Undefined index: HTTP_RAW_POST_DATA H:\wamp\www\weixin\Application\Home\Controller\IndexController.class.php 第 29 行.
NOTIC: [8] Trying to get property of non-object H:\wamp\www\weixin\Application\Home\Controller\IndexController.class.php 第 82 行.
INFO: [ app_end ] --START--
INFO: Run Behavior\ShowPageTraceBehavior [ RunTime:0.012001s ]
INFO: [ app_end ] --END-- [ RunTime:0.012001s ]

[ 2016-02-05T16:11:07+08:00 ] 127.0.0.1 /weixin/
INFO: [ app_init ] --START--
INFO: Run Behavior\BuildLiteBehavior [ RunTime:0.000000s ]
INFO: [ app_init ] --END-- [ RunTime:0.001000s ]
INFO: [ app_begin ] --START--
INFO: Run Behavior\ReadHtmlCacheBehavior [ RunTime:0.001000s ]
INFO: [ app_begin ] --END-- [ RunTime:0.001000s ]
NOTIC: [8] Undefined index: nonce H:\wamp\www\weixin\Application\Home\Controller\IndexController.class.php 第 7 行.
NOTIC: [8] Undefined index: timestamp H:\wamp\www\weixin\Application\Home\Controller\IndexController.class.php 第 9 行.
NOTIC: [8] Undefined index: echostr H:\wamp\www\weixin\Application\Home\Controller\IndexController.class.php 第 10 行.
NOTIC: [8] Undefined index: signature H:\wamp\www\weixin\Application\Home\Controller\IndexController.class.php 第 11 行.
NOTIC: [8] Undefined index: HTTP_RAW_POST_DATA H:\wamp\www\weixin\Application\Home\Controller\IndexController.class.php 第 30 行.
NOTIC: [8] Trying to get property of non-object H:\wamp\www\weixin\Application\Home\Controller\IndexController.class.php 第 83 行.
INFO: [ app_end ] --START--
INFO: Run Behavior\ShowPageTraceBehavior [ RunTime:0.001000s ]
INFO: [ app_end ] --END-- [ RunTime:0.001000s ]

