[ 2016-01-30T16:12:04+08:00 ] 127.0.0.1 /weixin/
INFO: [ app_init ] --START--
INFO: Run Behavior\BuildLiteBehavior [ RunTime:0.000000s ]
INFO: [ app_init ] --END-- [ RunTime:0.020000s ]
INFO: [ app_begin ] --START--
INFO: Run Behavior\ReadHtmlCacheBehavior [ RunTime:0.020000s ]
INFO: [ app_begin ] --END-- [ RunTime:0.020000s ]
NOTIC: [8] Undefined index: nonce H:\wamp\www\weixin\Application\Home\Controller\IndexController.class.php 第 8 行.
NOTIC: [8] Undefined index: timestamp H:\wamp\www\weixin\Application\Home\Controller\IndexController.class.php 第 10 行.
NOTIC: [8] Undefined index: signature H:\wamp\www\weixin\Application\Home\Controller\IndexController.class.php 第 11 行.
NOTIC: [8] Undefined index: echostr H:\wamp\www\weixin\Application\Home\Controller\IndexController.class.php 第 12 行.
NOTIC: [8] Undefined variable: _GLOBALS H:\wamp\www\weixin\Application\Home\Controller\IndexController.class.php 第 30 行.
NOTIC: [8] Trying to get property of non-object H:\wamp\www\weixin\Application\Home\Controller\IndexController.class.php 第 49 行.
INFO: [ app_end ] --START--
INFO: Run Behavior\ShowPageTraceBehavior [ RunTime:0.000000s ]
INFO: [ app_end ] --END-- [ RunTime:0.000000s ]

[ 2016-01-30T16:21:15+08:00 ] 127.0.0.1 /weixin/
INFO: [ app_init ] --START--
INFO: Run Behavior\BuildLiteBehavior [ RunTime:0.000000s ]
INFO: [ app_init ] --END-- [ RunTime:0.001000s ]
INFO: [ app_begin ] --START--
INFO: Run Behavior\ReadHtmlCacheBehavior [ RunTime:0.000000s ]
INFO: [ app_begin ] --END-- [ RunTime:0.001000s ]
NOTIC: [8] Undefined index: nonce H:\wamp\www\weixin\Application\Home\Controller\IndexController.class.php 第 8 行.
NOTIC: [8] Undefined index: timestamp H:\wamp\www\weixin\Application\Home\Controller\IndexController.class.php 第 10 行.
NOTIC: [8] Undefined index: signature H:\wamp\www\weixin\Application\Home\Controller\IndexController.class.php 第 11 行.
NOTIC: [8] Undefined index: echostr H:\wamp\www\weixin\Application\Home\Controller\IndexController.class.php 第 12 行.
NOTIC: [8] Undefined variable: _GLOBALS H:\wamp\www\weixin\Application\Home\Controller\IndexController.class.php 第 31 行.
NOTIC: [8] Trying to get property of non-object H:\wamp\www\weixin\Application\Home\Controller\IndexController.class.php 第 50 行.
INFO: [ app_end ] --START--
INFO: Run Behavior\ShowPageTraceBehavior [ RunTime:0.001000s ]
INFO: [ app_end ] --END-- [ RunTime:0.001000s ]

[ 2016-01-30T16:21:21+08:00 ] 127.0.0.1 /weixin/index.php/
INFO: [ app_init ] --START--
INFO: Run Behavior\BuildLiteBehavior [ RunTime:0.000000s ]
INFO: [ app_init ] --END-- [ RunTime:0.000000s ]
INFO: [ app_begin ] --START--
INFO: Run Behavior\ReadHtmlCacheBehavior [ RunTime:0.001000s ]
INFO: [ app_begin ] --END-- [ RunTime:0.001000s ]
NOTIC: [8] Undefined index: nonce H:\wamp\www\weixin\Application\Home\Controller\IndexController.class.php 第 8 行.
NOTIC: [8] Undefined index: timestamp H:\wamp\www\weixin\Application\Home\Controller\IndexController.class.php 第 10 行.
NOTIC: [8] Undefined index: signature H:\wamp\www\weixin\Application\Home\Controller\IndexController.class.php 第 11 行.
NOTIC: [8] Undefined index: echostr H:\wamp\www\weixin\Application\Home\Controller\IndexController.class.php 第 12 行.
NOTIC: [8] Undefined variable: _GLOBALS H:\wamp\www\weixin\Application\Home\Controller\IndexController.class.php 第 31 行.
NOTIC: [8] Trying to get property of non-object H:\wamp\www\weixin\Application\Home\Controller\IndexController.class.php 第 50 行.
INFO: [ app_end ] --START--
INFO: Run Behavior\ShowPageTraceBehavior [ RunTime:0.001000s ]
INFO: [ app_end ] --END-- [ RunTime:0.001000s ]

[ 2016-01-30T16:21:36+08:00 ] 127.0.0.1 /weixin/index.php/Home/Index/index
INFO: [ app_init ] --START--
INFO: Run Behavior\BuildLiteBehavior [ RunTime:0.000000s ]
INFO: [ app_init ] --END-- [ RunTime:0.001000s ]
INFO: [ app_begin ] --START--
INFO: Run Behavior\ReadHtmlCacheBehavior [ RunTime:0.001000s ]
INFO: [ app_begin ] --END-- [ RunTime:0.001000s ]
NOTIC: [8] Undefined index: nonce H:\wamp\www\weixin\Application\Home\Controller\IndexController.class.php 第 8 行.
NOTIC: [8] Undefined index: timestamp H:\wamp\www\weixin\Application\Home\Controller\IndexController.class.php 第 10 行.
NOTIC: [8] Undefined index: signature H:\wamp\www\weixin\Application\Home\Controller\IndexController.class.php 第 11 行.
NOTIC: [8] Undefined index: echostr H:\wamp\www\weixin\Application\Home\Controller\IndexController.class.php 第 12 行.
NOTIC: [8] Undefined variable: _GLOBALS H:\wamp\www\weixin\Application\Home\Controller\IndexController.class.php 第 31 行.
NOTIC: [8] Trying to get property of non-object H:\wamp\www\weixin\Application\Home\Controller\IndexController.class.php 第 50 行.
INFO: [ app_end ] --START--
INFO: Run Behavior\ShowPageTraceBehavior [ RunTime:0.001000s ]
INFO: [ app_end ] --END-- [ RunTime:0.002000s ]

[ 2016-01-30T16:21:52+08:00 ] 127.0.0.1 /weixin/index.php/Home/Index/index
INFO: [ app_init ] --START--
INFO: Run Behavior\BuildLiteBehavior [ RunTime:0.000000s ]
INFO: [ app_init ] --END-- [ RunTime:0.001000s ]
INFO: [ app_begin ] --START--
INFO: Run Behavior\ReadHtmlCacheBehavior [ RunTime:0.001000s ]
INFO: [ app_begin ] --END-- [ RunTime:0.001000s ]
NOTIC: [8] Undefined index: nonce H:\wamp\www\weixin\Application\Home\Controller\IndexController.class.php 第 9 行.
NOTIC: [8] Undefined index: timestamp H:\wamp\www\weixin\Application\Home\Controller\IndexController.class.php 第 11 行.
NOTIC: [8] Undefined index: signature H:\wamp\www\weixin\Application\Home\Controller\IndexController.class.php 第 12 行.
NOTIC: [8] Undefined index: echostr H:\wamp\www\weixin\Application\Home\Controller\IndexController.class.php 第 13 行.
NOTIC: [8] Undefined variable: _GLOBALS H:\wamp\www\weixin\Application\Home\Controller\IndexController.class.php 第 32 行.
NOTIC: [8] Trying to get property of non-object H:\wamp\www\weixin\Application\Home\Controller\IndexController.class.php 第 51 行.
INFO: [ app_end ] --START--
INFO: Run Behavior\ShowPageTraceBehavior [ RunTime:0.001000s ]
INFO: [ app_end ] --END-- [ RunTime:0.002000s ]

[ 2016-01-30T16:22:10+08:00 ] 127.0.0.1 /weixin/index.php/Home/Index/index
INFO: [ app_init ] --START--
INFO: Run Behavior\BuildLiteBehavior [ RunTime:0.000000s ]
INFO: [ app_init ] --END-- [ RunTime:0.001000s ]
INFO: [ app_begin ] --START--
INFO: Run Behavior\ReadHtmlCacheBehavior [ RunTime:0.001001s ]
INFO: [ app_begin ] --END-- [ RunTime:0.001001s ]
NOTIC: [8] Undefined index: nonce H:\wamp\www\weixin\Application\Home\Controller\IndexController.class.php 第 9 行.
NOTIC: [8] Undefined index: timestamp H:\wamp\www\weixin\Application\Home\Controller\IndexController.class.php 第 11 行.
NOTIC: [8] Undefined index: signature H:\wamp\www\weixin\Application\Home\Controller\IndexController.class.php 第 12 行.
NOTIC: [8] Undefined index: echostr H:\wamp\www\weixin\Application\Home\Controller\IndexController.class.php 第 13 行.
NOTIC: [8] Undefined variable: _GLOBALS H:\wamp\www\weixin\Application\Home\Controller\IndexController.class.php 第 32 行.
NOTIC: [8] Trying to get property of non-object H:\wamp\www\weixin\Application\Home\Controller\IndexController.class.php 第 51 行.
INFO: [ app_end ] --START--
INFO: Run Behavior\ShowPageTraceBehavior [ RunTime:0.001000s ]
INFO: [ app_end ] --END-- [ RunTime:0.001000s ]

