[ 2016-01-29T21:17:38+08:00 ] 127.0.0.1 /weixin/
INFO: [ app_init ] --START--
INFO: Run Behavior\BuildLiteBehavior [ RunTime:0.000000s ]
INFO: [ app_init ] --END-- [ RunTime:0.038002s ]
INFO: [ app_begin ] --START--
INFO: Run Behavior\ReadHtmlCacheBehavior [ RunTime:0.001000s ]
INFO: [ app_begin ] --END-- [ RunTime:0.001000s ]
INFO: [ view_parse ] --START--
INFO: [ template_filter ] --START--
INFO: Run Behavior\ContentReplaceBehavior [ RunTime:0.045003s ]
INFO: [ template_filter ] --END-- [ RunTime:0.045003s ]
INFO: Run Behavior\ParseTemplateBehavior [ RunTime:0.069004s ]
INFO: [ view_parse ] --END-- [ RunTime:0.069004s ]
INFO: [ view_filter ] --START--
INFO: Run Behavior\WriteHtmlCacheBehavior [ RunTime:0.001000s ]
INFO: [ view_filter ] --END-- [ RunTime:0.001000s ]
INFO: [ app_end ] --START--
INFO: Run Behavior\ShowPageTraceBehavior [ RunTime:0.001000s ]
INFO: [ app_end ] --END-- [ RunTime:0.001000s ]

[ 2016-01-29T21:18:39+08:00 ] 127.0.0.1 /weixin/
INFO: [ app_init ] --START--
INFO: Run Behavior\BuildLiteBehavior [ RunTime:0.000000s ]
INFO: [ app_init ] --END-- [ RunTime:0.000000s ]
INFO: [ app_begin ] --START--
INFO: Run Behavior\ReadHtmlCacheBehavior [ RunTime:0.000000s ]
INFO: [ app_begin ] --END-- [ RunTime:0.000000s ]
INFO: [ app_end ] --START--
INFO: Run Behavior\ShowPageTraceBehavior [ RunTime:0.000000s ]
INFO: [ app_end ] --END-- [ RunTime:0.000000s ]

[ 2016-01-29T21:25:31+08:00 ] 127.0.0.1 /weixin/
INFO: [ app_init ] --START--
INFO: Run Behavior\BuildLiteBehavior [ RunTime:0.000000s ]
INFO: [ app_init ] --END-- [ RunTime:0.000000s ]
INFO: [ app_begin ] --START--
INFO: Run Behavior\ReadHtmlCacheBehavior [ RunTime:0.000000s ]
INFO: [ app_begin ] --END-- [ RunTime:0.000000s ]
NOTIC: [8] Undefined index: nonce H:\wamp\www\weixin\Application\Home\Controller\IndexController.class.php 第 8 行.
NOTIC: [8] Undefined index: timestamp H:\wamp\www\weixin\Application\Home\Controller\IndexController.class.php 第 10 行.
NOTIC: [8] Undefined index: echostr H:\wamp\www\weixin\Application\Home\Controller\IndexController.class.php 第 11 行.
NOTIC: [8] Undefined variable: signature H:\wamp\www\weixin\Application\Home\Controller\IndexController.class.php 第 18 行.
INFO: [ app_end ] --START--
INFO: Run Behavior\ShowPageTraceBehavior [ RunTime:0.000000s ]
INFO: [ app_end ] --END-- [ RunTime:0.000000s ]

[ 2016-01-29T21:25:31+08:00 ] 127.0.0.1 /weixin/
INFO: [ app_init ] --START--
INFO: Run Behavior\BuildLiteBehavior [ RunTime:0.000000s ]
INFO: [ app_init ] --END-- [ RunTime:0.000000s ]
INFO: [ app_begin ] --START--
INFO: Run Behavior\ReadHtmlCacheBehavior [ RunTime:0.000000s ]
INFO: [ app_begin ] --END-- [ RunTime:0.000000s ]
NOTIC: [8] Undefined index: nonce H:\wamp\www\weixin\Application\Home\Controller\IndexController.class.php 第 8 行.
NOTIC: [8] Undefined index: timestamp H:\wamp\www\weixin\Application\Home\Controller\IndexController.class.php 第 10 行.
NOTIC: [8] Undefined index: echostr H:\wamp\www\weixin\Application\Home\Controller\IndexController.class.php 第 11 行.
NOTIC: [8] Undefined variable: signature H:\wamp\www\weixin\Application\Home\Controller\IndexController.class.php 第 18 行.
INFO: [ app_end ] --START--
INFO: Run Behavior\ShowPageTraceBehavior [ RunTime:0.000000s ]
INFO: [ app_end ] --END-- [ RunTime:0.000000s ]

[ 2016-01-29T21:25:31+08:00 ] 127.0.0.1 /weixin/
INFO: [ app_init ] --START--
INFO: Run Behavior\BuildLiteBehavior [ RunTime:0.000000s ]
INFO: [ app_init ] --END-- [ RunTime:0.000000s ]
INFO: [ app_begin ] --START--
INFO: Run Behavior\ReadHtmlCacheBehavior [ RunTime:0.000000s ]
INFO: [ app_begin ] --END-- [ RunTime:0.000000s ]
NOTIC: [8] Undefined index: nonce H:\wamp\www\weixin\Application\Home\Controller\IndexController.class.php 第 8 行.
NOTIC: [8] Undefined index: timestamp H:\wamp\www\weixin\Application\Home\Controller\IndexController.class.php 第 10 行.
NOTIC: [8] Undefined index: echostr H:\wamp\www\weixin\Application\Home\Controller\IndexController.class.php 第 11 行.
NOTIC: [8] Undefined variable: signature H:\wamp\www\weixin\Application\Home\Controller\IndexController.class.php 第 18 行.
INFO: [ app_end ] --START--
INFO: Run Behavior\ShowPageTraceBehavior [ RunTime:0.000000s ]
INFO: [ app_end ] --END-- [ RunTime:0.000000s ]

[ 2016-01-29T21:25:32+08:00 ] 127.0.0.1 /weixin/
INFO: [ app_init ] --START--
INFO: Run Behavior\BuildLiteBehavior [ RunTime:0.000000s ]
INFO: [ app_init ] --END-- [ RunTime:0.000000s ]
INFO: [ app_begin ] --START--
INFO: Run Behavior\ReadHtmlCacheBehavior [ RunTime:0.000000s ]
INFO: [ app_begin ] --END-- [ RunTime:0.000000s ]
NOTIC: [8] Undefined index: nonce H:\wamp\www\weixin\Application\Home\Controller\IndexController.class.php 第 8 行.
NOTIC: [8] Undefined index: timestamp H:\wamp\www\weixin\Application\Home\Controller\IndexController.class.php 第 10 行.
NOTIC: [8] Undefined index: echostr H:\wamp\www\weixin\Application\Home\Controller\IndexController.class.php 第 11 行.
NOTIC: [8] Undefined variable: signature H:\wamp\www\weixin\Application\Home\Controller\IndexController.class.php 第 18 行.
INFO: [ app_end ] --START--
INFO: Run Behavior\ShowPageTraceBehavior [ RunTime:0.000000s ]
INFO: [ app_end ] --END-- [ RunTime:0.000000s ]

[ 2016-01-29T22:10:35+08:00 ] 127.0.0.1 /weixin/
INFO: [ app_init ] --START--
INFO: Run Behavior\BuildLiteBehavior [ RunTime:0.000000s ]
INFO: [ app_init ] --END-- [ RunTime:0.001000s ]
INFO: [ app_begin ] --START--
INFO: Run Behavior\ReadHtmlCacheBehavior [ RunTime:0.000000s ]
INFO: [ app_begin ] --END-- [ RunTime:0.002000s ]
NOTIC: [8] Undefined index: nonce H:\wamp\www\weixin\Application\Home\Controller\IndexController.class.php 第 8 行.
NOTIC: [8] Undefined index: timestamp H:\wamp\www\weixin\Application\Home\Controller\IndexController.class.php 第 10 行.
NOTIC: [8] Undefined index: signature H:\wamp\www\weixin\Application\Home\Controller\IndexController.class.php 第 11 行.
NOTIC: [8] Undefined index: echostr H:\wamp\www\weixin\Application\Home\Controller\IndexController.class.php 第 12 行.
NOTIC: [8] Undefined variable: _GLOBALS H:\wamp\www\weixin\Application\Home\Controller\IndexController.class.php 第 30 行.
NOTIC: [2] Creating default object from empty value H:\wamp\www\weixin\Application\Home\Controller\IndexController.class.php 第 43 行.
INFO: [ app_end ] --START--
INFO: Run Behavior\ShowPageTraceBehavior [ RunTime:0.001000s ]
INFO: [ app_end ] --END-- [ RunTime:0.001000s ]

[ 2016-01-29T22:10:35+08:00 ] 127.0.0.1 /weixin/
INFO: [ app_init ] --START--
INFO: Run Behavior\BuildLiteBehavior [ RunTime:0.000000s ]
INFO: [ app_init ] --END-- [ RunTime:0.001000s ]
INFO: [ app_begin ] --START--
INFO: Run Behavior\ReadHtmlCacheBehavior [ RunTime:0.001000s ]
INFO: [ app_begin ] --END-- [ RunTime:0.001000s ]
NOTIC: [8] Undefined index: nonce H:\wamp\www\weixin\Application\Home\Controller\IndexController.class.php 第 8 行.
NOTIC: [8] Undefined index: timestamp H:\wamp\www\weixin\Application\Home\Controller\IndexController.class.php 第 10 行.
NOTIC: [8] Undefined index: signature H:\wamp\www\weixin\Application\Home\Controller\IndexController.class.php 第 11 行.
NOTIC: [8] Undefined index: echostr H:\wamp\www\weixin\Application\Home\Controller\IndexController.class.php 第 12 行.
NOTIC: [8] Undefined variable: _GLOBALS H:\wamp\www\weixin\Application\Home\Controller\IndexController.class.php 第 30 行.
NOTIC: [2] Creating default object from empty value H:\wamp\www\weixin\Application\Home\Controller\IndexController.class.php 第 43 行.
INFO: [ app_end ] --START--
INFO: Run Behavior\ShowPageTraceBehavior [ RunTime:0.001000s ]
INFO: [ app_end ] --END-- [ RunTime:0.001000s ]

[ 2016-01-29T22:10:35+08:00 ] 127.0.0.1 /weixin/
INFO: [ app_init ] --START--
INFO: Run Behavior\BuildLiteBehavior [ RunTime:0.000000s ]
INFO: [ app_init ] --END-- [ RunTime:0.002000s ]
INFO: [ app_begin ] --START--
INFO: Run Behavior\ReadHtmlCacheBehavior [ RunTime:0.001000s ]
INFO: [ app_begin ] --END-- [ RunTime:0.001000s ]
NOTIC: [8] Undefined index: nonce H:\wamp\www\weixin\Application\Home\Controller\IndexController.class.php 第 8 行.
NOTIC: [8] Undefined index: timestamp H:\wamp\www\weixin\Application\Home\Controller\IndexController.class.php 第 10 行.
NOTIC: [8] Undefined index: signature H:\wamp\www\weixin\Application\Home\Controller\IndexController.class.php 第 11 行.
NOTIC: [8] Undefined index: echostr H:\wamp\www\weixin\Application\Home\Controller\IndexController.class.php 第 12 行.
NOTIC: [8] Undefined variable: _GLOBALS H:\wamp\www\weixin\Application\Home\Controller\IndexController.class.php 第 30 行.
NOTIC: [2] Creating default object from empty value H:\wamp\www\weixin\Application\Home\Controller\IndexController.class.php 第 43 行.
INFO: [ app_end ] --START--
INFO: Run Behavior\ShowPageTraceBehavior [ RunTime:0.001000s ]
INFO: [ app_end ] --END-- [ RunTime:0.001000s ]

[ 2016-01-29T22:10:36+08:00 ] 127.0.0.1 /weixin/
INFO: [ app_init ] --START--
INFO: Run Behavior\BuildLiteBehavior [ RunTime:0.000000s ]
INFO: [ app_init ] --END-- [ RunTime:0.001000s ]
INFO: [ app_begin ] --START--
INFO: Run Behavior\ReadHtmlCacheBehavior [ RunTime:0.002000s ]
INFO: [ app_begin ] --END-- [ RunTime:0.002000s ]
NOTIC: [8] Undefined index: nonce H:\wamp\www\weixin\Application\Home\Controller\IndexController.class.php 第 8 行.
NOTIC: [8] Undefined index: timestamp H:\wamp\www\weixin\Application\Home\Controller\IndexController.class.php 第 10 行.
NOTIC: [8] Undefined index: signature H:\wamp\www\weixin\Application\Home\Controller\IndexController.class.php 第 11 行.
NOTIC: [8] Undefined index: echostr H:\wamp\www\weixin\Application\Home\Controller\IndexController.class.php 第 12 行.
NOTIC: [8] Undefined variable: _GLOBALS H:\wamp\www\weixin\Application\Home\Controller\IndexController.class.php 第 30 行.
NOTIC: [2] Creating default object from empty value H:\wamp\www\weixin\Application\Home\Controller\IndexController.class.php 第 43 行.
INFO: [ app_end ] --START--
INFO: Run Behavior\ShowPageTraceBehavior [ RunTime:0.001000s ]
INFO: [ app_end ] --END-- [ RunTime:0.001000s ]

[ 2016-01-29T22:10:46+08:00 ] 127.0.0.1 /weixin/index.php/Home/Index/index
INFO: [ app_init ] --START--
INFO: Run Behavior\BuildLiteBehavior [ RunTime:0.000000s ]
INFO: [ app_init ] --END-- [ RunTime:0.000000s ]
INFO: [ app_begin ] --START--
INFO: Run Behavior\ReadHtmlCacheBehavior [ RunTime:0.000000s ]
INFO: [ app_begin ] --END-- [ RunTime:0.000000s ]
NOTIC: [8] Undefined index: nonce H:\wamp\www\weixin\Application\Home\Controller\IndexController.class.php 第 8 行.
NOTIC: [8] Undefined index: timestamp H:\wamp\www\weixin\Application\Home\Controller\IndexController.class.php 第 10 行.
NOTIC: [8] Undefined index: signature H:\wamp\www\weixin\Application\Home\Controller\IndexController.class.php 第 11 行.
NOTIC: [8] Undefined index: echostr H:\wamp\www\weixin\Application\Home\Controller\IndexController.class.php 第 12 行.
NOTIC: [8] Undefined variable: _GLOBALS H:\wamp\www\weixin\Application\Home\Controller\IndexController.class.php 第 30 行.
NOTIC: [2] Creating default object from empty value H:\wamp\www\weixin\Application\Home\Controller\IndexController.class.php 第 43 行.
INFO: [ app_end ] --START--
INFO: Run Behavior\ShowPageTraceBehavior [ RunTime:0.010000s ]
INFO: [ app_end ] --END-- [ RunTime:0.010000s ]

[ 2016-01-29T22:10:47+08:00 ] 127.0.0.1 /weixin/index.php/Home/Index/index
INFO: [ app_init ] --START--
INFO: Run Behavior\BuildLiteBehavior [ RunTime:0.000000s ]
INFO: [ app_init ] --END-- [ RunTime:0.000000s ]
INFO: [ app_begin ] --START--
INFO: Run Behavior\ReadHtmlCacheBehavior [ RunTime:0.000000s ]
INFO: [ app_begin ] --END-- [ RunTime:0.000000s ]
NOTIC: [8] Undefined index: nonce H:\wamp\www\weixin\Application\Home\Controller\IndexController.class.php 第 8 行.
NOTIC: [8] Undefined index: timestamp H:\wamp\www\weixin\Application\Home\Controller\IndexController.class.php 第 10 行.
NOTIC: [8] Undefined index: signature H:\wamp\www\weixin\Application\Home\Controller\IndexController.class.php 第 11 行.
NOTIC: [8] Undefined index: echostr H:\wamp\www\weixin\Application\Home\Controller\IndexController.class.php 第 12 行.
NOTIC: [8] Undefined variable: _GLOBALS H:\wamp\www\weixin\Application\Home\Controller\IndexController.class.php 第 30 行.
NOTIC: [2] Creating default object from empty value H:\wamp\www\weixin\Application\Home\Controller\IndexController.class.php 第 43 行.
INFO: [ app_end ] --START--
INFO: Run Behavior\ShowPageTraceBehavior [ RunTime:0.000000s ]
INFO: [ app_end ] --END-- [ RunTime:0.000000s ]

